[Licensing::Module] Trying to connect to existing licensing client channel...
Built from '6000.4/staging' branch; Version is '6000.4.1f1 (336a400b9ea2) revision 3369536'; Using compiler version '194234433'; Build Type 'Release'
[Licensing::IpcConnector] Successfully connected to: "LicenseClient-LENOVO" at "2026-04-19T05:31:54.2457757Z"
OS: 'Windows 11  (10.0.22621) Core' Language: 'es' Physical Memory: 32475 MB
BatchMode: 1, IsHumanControllingUs: 0, StartBugReporterOnCrash: 0, Is64bit: 1
System  architecture: x64
Process architecture: x64
Date: 2026-04-19T05:31:54Z

COMMAND LINE ARGUMENTS:
C:\Program Files\Unity\Hub\Editor\6000.4.1f1\Editor\Unity.exe
-adb2
-batchMode
-noUpm
-name
AssetImportWorker0
-projectPath
C:/Users/LENOVO/Desktop/rv/GAMEJAM26
-logFile
Logs/AssetImportWorker0.log
-srvPort
53742
-force-d3d12
-job-worker-count
15
-background-job-worker-count
8
-gc-helper-count
1
-name
AssetImport
Successfully changed project path to: C:/Users/LENOVO/Desktop/rv/GAMEJAM26
C:/Users/LENOVO/Desktop/rv/GAMEJAM26
[UnityMemory] Configuration Parameters - Can be set up in boot.config
    "memorysetup-temp-allocator-size-gi-baking-worker=262144"
    "memorysetup-temp-allocator-size-gi-baking-worker=262144"
    "memorysetup-temp-allocator-size-gi-baking-worker=262144"
    "memorysetup-temp-allocator-size-gi-baking-worker=262144"
    "memorysetup-temp-allocator-size-gi-baking-worker=262144"
    "memorysetup-temp-allocator-size-nav-mesh-worker=65536"
    "memorysetup-temp-allocator-size-audio-worker=65536"
    "memorysetup-temp-allocator-size-cloud-worker=32768"
    "memorysetup-temp-allocator-size-gfx=262144"
    "memorysetup-temp-allocator-size-preload-manager=33554432"
    "memorysetup-temp-allocator-size-job-worker=262144"
    "memorysetup-temp-allocator-size-background-worker=32768"
    "memorysetup-allocator-temp-initial-block-size-main=262144"
    "memorysetup-allocator-temp-initial-block-size-worker=262144"
    "memorysetup-bucket-allocator-granularity=16"
    "memorysetup-bucket-allocator-bucket-count=8"
    "memorysetup-bucket-allocator-block-size=33554432"
    "memorysetup-bucket-allocator-block-count=8"
    "memorysetup-main-allocator-block-size=16777216"
    "memorysetup-thread-allocator-block-size=16777216"
    "memorysetup-gfx-main-allocator-block-size=16777216"
    "memorysetup-gfx-thread-allocator-block-size=16777216"
    "memorysetup-cache-allocator-block-size=4194304"
    "memorysetup-typetree-allocator-block-size=2097152"
    "memorysetup-profiler-bucket-allocator-granularity=16"
    "memorysetup-profiler-bucket-allocator-bucket-count=8"
    "memorysetup-profiler-bucket-allocator-block-size=33554432"
    "memorysetup-profiler-bucket-allocator-block-count=8"
    "memorysetup-profiler-allocator-block-size=16777216"
    "memorysetup-profiler-editor-allocator-block-size=1048576"
    "memorysetup-temp-allocator-size-main=16777216"
    "memorysetup-job-temp-allocator-block-size=2097152"
    "memorysetup-job-temp-allocator-block-size-background=1048576"
    "memorysetup-job-temp-allocator-reduction-small-platforms=262144"
Player connection [37796]  Target information:

Player connection [37796]  * "[IP] 192.168.56.1 [Port] 0 [Flags] 2 [Guid] 2675020524 [EditorId] 2675020524 [Version] 1048832 [Id] WindowsEditor(7,LAPTOP-S01B4GFP) [Debug] 1 [PackageName] WindowsEditor [ProjectName] Editor" 

Player connection [37796]  * "[IP] 172.20.10.2 [Port] 0 [Flags] 2 [Guid] 2675020524 [EditorId] 2675020524 [Version] 1048832 [Id] WindowsEditor(7,LAPTOP-S01B4GFP) [Debug] 1 [PackageName] WindowsEditor [ProjectName] Editor" 

Player connection [37796] Host joined multi-casting on [225.0.0.222:54997]...
Player connection [37796] Host joined alternative multi-casting on [225.0.0.222:34997]...
JobSystem: Creating JobQueue using job-worker-count value 15
Input System module state changed to: Initialized.
[Physics::Module] Initialized fallback backend.
[Physics::Module] Id: 0xdecafbad
Library Redirect Path: Library/
[Physics::Module] Selected backend.
[Physics::Module] Name: PhysX
[Physics::Module] Id: 0xf2b8ea05
[Physics::Module] SDK Version: 4.1.2
[Physics::Module] Integration Version: 1.0.0
[Physics::Module] Threading Mode: Multi-Threaded
Refreshing native plugins compatible for Editor in 2.47 ms, found 4 plugins.
Initialize engine version: 6000.4.1f1 (336a400b9ea2)
[Subsystems] Discovering subsystems at path C:/Program Files/Unity/Hub/Editor/6000.4.1f1/Editor/Data/Resources/UnitySubsystems
[Subsystems] Discovering subsystems at path C:/Users/LENOVO/Desktop/rv/GAMEJAM26/Assets
Forcing GfxDevice: Direct3D 12
GfxDevice: creating device client; kGfxThreadingModeNonThreaded
d3d12: failed to query info queue interface (0x80004002).
Direct3D:
    Version:         Direct3D 12 [level 12.2]
    Renderer:        NVIDIA GeForce RTX 4060 Laptop GPU (ID=0x28e0)
    Vendor:          NVIDIA
    VRAM:            7956 MB
    App VRAM Budget: 7188 MB
    Driver:          32.0.15.9597
Initialize mono
Mono path[0] = 'C:/Program Files/Unity/Hub/Editor/6000.4.1f1/Editor/Data/Managed'
Mono path[1] = 'C:/Program Files/Unity/Hub/Editor/6000.4.1f1/Editor/Data/MonoBleedingEdge/lib/mono/unityjit-win32'
Mono config path = 'C:/Program Files/Unity/Hub/Editor/6000.4.1f1/Editor/Data/MonoBleedingEdge/etc'
Using monoOptions --debugger-agent=transport=dt_socket,embedding=1,server=y,suspend=n,address=127.0.0.1:56916
CodeReloadManager initialized
[Licensing::Client] Error: HandshakeResponse reported an error:
	ResponseCode: 505
	ResponseStatus: Unsupported protocol version '1.18.1'.
[Licensing::Module] Error: Failed to handshake to channel: "LicenseClient-LENOVO"
[Licensing::IpcConnector] LicenseClient-LENOVO channel disconnected successfully.
[Licensing::IpcConnector] Successfully connected to: "LicenseClient-LENOVO-6000.4.1" at "2026-04-19T05:31:54.9709126Z"
Begin MonoManager ReloadAssembly
Registering precompiled unity dll's ...
Register platform support module: C:/Program Files/Unity/Hub/Editor/6000.4.1f1/Editor/Data/PlaybackEngines/WebGLSupport/UnityEditor.WebGL.Extensions.dll
Register platform support module: C:/Program Files/Unity/Hub/Editor/6000.4.1f1/Editor/Data/PlaybackEngines/WindowsStandaloneSupport/UnityEditor.WindowsStandalone.Extensions.dll
Registered in 0.002047 seconds.
Native extension for WindowsStandalone target not found
Native extension for WebGL target not found
Package Manager log level set to [2]
[Package Manager] Failed to launch server process. Reason: Unity was launched with the -noUpm command-line argument
[Package Manager] Unable to send message (not connected to server process).
[Package Manager] Cannot connect to Unity Package Manager local server
ScheduleIndexationOnStartup MainProcess:False IndexOnStartup:True
Mono: successfully reloaded assembly
- Finished resetting the current domain, in  0.649 seconds
Domain Reload Profiling: 1129ms
	BeginReloadAssembly (138ms)
	RebuildCommonClasses (32ms)
	RebuildNativeTypeToScriptingClass (11ms)
	initialDomainReloadingComplete (53ms)
	LoadAllAssembliesAndSetupDomain (241ms)
		LoadAssemblies (136ms)
		AnalyzeDomain (231ms)
			TypeCache.Refresh (230ms)
				TypeCache.ScanAssembly (211ms)
	FinalizeReload (652ms)
		SetupLoadedEditorAssemblies (0ms)
			InitializePlatformSupportModulesInManaged (54ms)
			BeforeProcessingInitializeOnLoad (152ms)
			ProcessInitializeOnLoadAttributes (177ms)
			ProcessInitializeOnLoadMethodAttributes (166ms)
========================================================================
Worker process is ready to serve import requests
Import Worker Mode flag is 0x00
[Licensing::Client] Handshaking with LicensingClient:
  Version:                 1.18.1+9fbee8e
  Session Id:              9413a838f01e479b8a5533202c6453d2
  Correlation Id:          9093fa2d1b0ada59203cee1f95309951
  External correlation Id: 6790068058992517106
  Machine Id:              gcpAhfLYkCuve04nzBs+Vfh5n2I=
[Licensing::Module] Successfully connected to LicensingClient on channel: "LicenseClient-LENOVO-6000.4.1" (connect: 0.00s, validation: 0.00s, handshake: 1.41s)
[Licensing::IpcConnector] Successfully connected to: "LicenseClient-LENOVO-6000.4.1-notifications" at "2026-04-19T05:31:56.382414Z"
[Licensing::Module] Licensing Background thread has ended after 2.14s
Begin MonoManager ReloadAssembly
[Licensing::Client] Successfully resolved entitlement details
[Licensing::Module] License group:
  Id: 4673238153772-UnityPersXXXX
  Product: Unity Personal
  Type: Assigned
  Expiration: Unlimited
Assembly Assembly-CSharp-Editor-firstpass.dll at Library/ScriptAssemblies/Assembly-CSharp-Editor-firstpass.dll not valid. Loading of assembly skipped.
Assembly Assembly-CSharp-firstpass.dll at Library/ScriptAssemblies/Assembly-CSharp-firstpass.dll not valid. Loading of assembly skipped.
Assembly DocCodeExamples.dll at Library/ScriptAssemblies/DocCodeExamples.dll not valid. Loading of assembly skipped.
Assembly TestNewCustomAssembly.dll at Library/ScriptAssemblies/TestNewCustomAssembly.dll not valid. Loading of assembly skipped.
Assembly Unity.Collections.BurstCompatibilityGen.dll at Library/ScriptAssemblies/Unity.Collections.BurstCompatibilityGen.dll not valid. Loading of assembly skipped.
Assembly Unity.Collections.DocCodeSamples.dll at Library/ScriptAssemblies/Unity.Collections.DocCodeSamples.dll not valid. Loading of assembly skipped.
Assembly Unity.Collections.PerformanceTests.dll at Library/ScriptAssemblies/Unity.Collections.PerformanceTests.dll not valid. Loading of assembly skipped.
Assembly Unity.Collections.Tests.dll at Library/ScriptAssemblies/Unity.Collections.Tests.dll not valid. Loading of assembly skipped.
Assembly Unity.Collections.Tests.Playmode.dll at Library/ScriptAssemblies/Unity.Collections.Tests.Playmode.dll not valid. Loading of assembly skipped.
Assembly Unity.InputSystem.IntegrationTests.dll at Library/ScriptAssemblies/Unity.InputSystem.IntegrationTests.dll not valid. Loading of assembly skipped.
Assembly Unity.Mathematics.Tests.dll at Library/ScriptAssemblies/Unity.Mathematics.Tests.dll not valid. Loading of assembly skipped.
Assembly Unity.Multiplayer.Center.Editor.Tests.dll at Library/ScriptAssemblies/Unity.Multiplayer.Center.Editor.Tests.dll not valid. Loading of assembly skipped.
Assembly Unity.Multiplayer.Center.Tests.dll at Library/ScriptAssemblies/Unity.Multiplayer.Center.Tests.dll not valid. Loading of assembly skipped.
Assembly Unity.Nuget.Mono-Cecil.dll at Library/ScriptAssemblies/Unity.Nuget.Mono-Cecil.dll not valid. Loading of assembly skipped.
Assembly Unity.PathTracing.Editor.Tests.dll at Library/ScriptAssemblies/Unity.PathTracing.Editor.Tests.dll not valid. Loading of assembly skipped.
Assembly Unity.PathTracing.Runtime.Tests.dll at Library/ScriptAssemblies/Unity.PathTracing.Runtime.Tests.dll not valid. Loading of assembly skipped.
Assembly Unity.RenderPipelines.Core.Editor.Tests.dll at Library/ScriptAssemblies/Unity.RenderPipelines.Core.Editor.Tests.dll not valid. Loading of assembly skipped.
Assembly Unity.RenderPipelines.Core.Runtime.Tests.dll at Library/ScriptAssemblies/Unity.RenderPipelines.Core.Runtime.Tests.dll not valid. Loading of assembly skipped.
Assembly Unity.RenderPipelines.Universal.Config.Editor.Tests.dll at Library/ScriptAssemblies/Unity.RenderPipelines.Universal.Config.Editor.Tests.dll not valid. Loading of assembly skipped.
Assembly Unity.RenderPipelines.Universal.Editor.Tests.dll at Library/ScriptAssemblies/Unity.RenderPipelines.Universal.Editor.Tests.dll not valid. Loading of assembly skipped.
Assembly Unity.RenderPipelines.Universal.Runtime.Tests.dll at Library/ScriptAssemblies/Unity.RenderPipelines.Universal.Runtime.Tests.dll not valid. Loading of assembly skipped.
Assembly Unity.Searcher.EditorTests.dll at Library/ScriptAssemblies/Unity.Searcher.EditorTests.dll not valid. Loading of assembly skipped.
Assembly Unity.ShaderGraph.Editor.Tests.dll at Library/ScriptAssemblies/Unity.ShaderGraph.Editor.Tests.dll not valid. Loading of assembly skipped.
Assembly Unity.TextMeshPro.Editor.Tests.dll at Library/ScriptAssemblies/Unity.TextMeshPro.Editor.Tests.dll not valid. Loading of assembly skipped.
Assembly Unity.TextMeshPro.Tests.dll at Library/ScriptAssemblies/Unity.TextMeshPro.Tests.dll not valid. Loading of assembly skipped.
Assembly Unity.UnifiedRayTracing.Editor.Tests.dll at Library/ScriptAssemblies/Unity.UnifiedRayTracing.Editor.Tests.dll not valid. Loading of assembly skipped.
Assembly UnityEditor.UI.Common.Tests.dll at Library/ScriptAssemblies/UnityEditor.UI.Common.Tests.dll not valid. Loading of assembly skipped.
Assembly UnityEditor.UI.EditorTests.dll at Library/ScriptAssemblies/UnityEditor.UI.EditorTests.dll not valid. Loading of assembly skipped.
Assembly UnityEngine.UI.Tests.dll at Library/ScriptAssemblies/UnityEngine.UI.Tests.dll not valid. Loading of assembly skipped.
Native extension for WindowsStandalone target not found
Native extension for WebGL target not found
[Package Manager] Failed to launch server process. Reason: Unity was launched with the -noUpm command-line argument
[Package Manager] Unable to send message (not connected to server process).
[Package Manager] Cannot connect to Unity Package Manager local server
[Package Manager] Failed to launch server process. Reason: Unity was launched with the -noUpm command-line argument
[Package Manager] Unable to send message (not connected to server process).
[Package Manager] Cannot connect to Unity Package Manager local server
ScheduleIndexationOnStartup MainProcess:False IndexOnStartup:True
Mono: successfully reloaded assembly
- Finished resetting the current domain, in  0.744 seconds
Domain Reload Profiling: 1980ms
	BeginReloadAssembly (277ms)
		DisableScriptedObjects (11ms)
		CreateAndSetChildDomain (33ms)
	RebuildCommonClasses (84ms)
	RebuildNativeTypeToScriptingClass (23ms)
	initialDomainReloadingComplete (103ms)
	LoadAllAssembliesAndSetupDomain (747ms)
		LoadAssemblies (562ms)
		AnalyzeDomain (347ms)
			TypeCache.Refresh (233ms)
				TypeCache.ScanAssembly (215ms)
			BuildScriptInfoCaches (95ms)
			ResolveRequiredComponents (16ms)
	FinalizeReload (745ms)
		SetupLoadedEditorAssemblies (0ms)
			BeforeProcessingInitializeOnLoad (147ms)
			ProcessInitializeOnLoadAttributes (294ms)
			ProcessInitializeOnLoadMethodAttributes (67ms)
			AfterProcessingInitializeOnLoad (7ms)
		AwakeInstancesAfterBackupRestoration (5ms)
Launched and connected shader compiler UnityShaderCompiler.exe after 0.01 seconds
Refreshing native plugins compatible for Editor in 2.92 ms, found 4 plugins.
Unloading 24 Unused Serialized files (Serialized files now loaded: 0)
Unloading 6578 unused Assets / (5.6 MB). Loaded Objects now: 7400.
Memory consumption went from 163.7 MB to 158.1 MB.
Total: 7.144300 ms (FindLiveObjects: 0.817000 ms CreateObjectMapping: 0.295300 ms MarkObjects: 4.095800 ms  DeleteObjects: 1.932000 ms)

========================================================================
Received Import Request.
  Time since last request: 189727.311489 seconds.
  path: Assets/Settings
  importAddress: Guid(709f11a7f3c4041caa4ef136ea32d874) Importer(2089858483,b0f066a214c2f5e87bad3c948f4d605d)
Start importing Assets/Settings using Guid(709f11a7f3c4041caa4ef136ea32d874) Importer(2089858483,b0f066a214c2f5e87bad3c948f4d605d) (ScriptedImporter) -> (Import Result ID: 'e98b2621fc168b1a29b3058bbfcae61b') in 0.0649804 seconds [static and dynamic dependencies]. Details - ImportResultOutputID=b35dd62e67caaf3e259a303fec661fec DependenciesID=9cc145d39c6ab5db8c95ac08da75ed21 StaticDependenciesID=41cb6b7e40f79d49ca80038527c62517 
Number of updated asset objects reloaded before import = 0Number of asset objects unloaded after import = 1

========================================================================
Received Import Request.
  Time since last request: 0.000018 seconds.
  path: Assets/TextMesh Pro/Examples & Extras/Scripts
  importAddress: Guid(3979ce59e55144c89a2b3b3f8dcf7fd3) Importer(2089858483,b0f066a214c2f5e87bad3c948f4d605d)
Start importing Assets/TextMesh Pro/Examples & Extras/Scripts using Guid(3979ce59e55144c89a2b3b3f8dcf7fd3) Importer(2089858483,b0f066a214c2f5e87bad3c948f4d605d) (ScriptedImporter) -> (Import Result ID: '7c98479fe9ad29c8b8a3d769067ca180') in 0.0108502 seconds [static and dynamic dependencies]. Details - ImportResultOutputID=9947669acfb12ffc6d4057be88f34c37 DependenciesID=8c50e05dcd7c6ef27a21e0d9a8aaa706 StaticDependenciesID=178eb25f0718bf6e22a4a009e399b7c3 
Number of updated asset objects reloaded before import = 0Number of asset objects unloaded after import = 1

========================================================================
Received Import Request.
  Time since last request: 0.000015 seconds.
  path: Assets/TextMesh Pro/Examples & Extras/Materials
  importAddress: Guid(5808953df7a24274a851aa6dee52d30e) Importer(2089858483,b0f066a214c2f5e87bad3c948f4d605d)
Start importing Assets/TextMesh Pro/Examples & Extras/Materials using Guid(5808953df7a24274a851aa6dee52d30e) Importer(2089858483,b0f066a214c2f5e87bad3c948f4d605d) (ScriptedImporter) -> (Import Result ID: '5f3dfed5598735cbdfbef9e105569340') in 0.0126171 seconds [static and dynamic dependencies]. Details - ImportResultOutputID=eeef4b5523e49ae9587b21485e4ff185 DependenciesID=1079d7c87935a33f6f8e01a29c6a05a1 StaticDependenciesID=8cfd1cf4622b1687b7b738de15e13bb3 
Number of updated asset objects reloaded before import = 0Number of asset objects unloaded after import = 1

========================================================================
Received Import Request.
  Time since last request: 0.000024 seconds.
  path: Assets/Prefabs
  importAddress: Guid(a2d88718554230d4fa9e9465a56ec40e) Importer(2089858483,b0f066a214c2f5e87bad3c948f4d605d)
Start importing Assets/Prefabs using Guid(a2d88718554230d4fa9e9465a56ec40e) Importer(2089858483,b0f066a214c2f5e87bad3c948f4d605d) (ScriptedImporter) -> (Import Result ID: 'a3ed9a3ebf8648987c4d714a62604205') in 0.0130999 seconds [static and dynamic dependencies]. Details - ImportResultOutputID=db2793f9ff4027168b076baac28cfe0a DependenciesID=e2d55b8a5fd25f3dcdd1af3e9ebe3eb8 StaticDependenciesID=23cb5a0aafe6c9b72ecc3fb0714b2ada 
Number of updated asset objects reloaded before import = 0Number of asset objects unloaded after import = 1

========================================================================
Received Import Request.
  Time since last request: 0.000028 seconds.
  path: Assets/TutorialInfo/Scripts
  importAddress: Guid(5a9bcd70e6a4b4b05badaa72e827d8e0) Importer(2089858483,b0f066a214c2f5e87bad3c948f4d605d)
Start importing Assets/TutorialInfo/Scripts using Guid(5a9bcd70e6a4b4b05badaa72e827d8e0) Importer(2089858483,b0f066a214c2f5e87bad3c948f4d605d) (ScriptedImporter) -> (Import Result ID: '84b52d973785d5fc99b7cf83288090fe') in 0.0155095 seconds [static and dynamic dependencies]. Details - ImportResultOutputID=b5aa52842e26f2f1aa192a33058f82e7 DependenciesID=99507711c947a62981c1aec20d3a71b6 StaticDependenciesID=6c876301194d9b9d5a3588fa97f06f45 
Number of updated asset objects reloaded before import = 0Number of asset objects unloaded after import = 1

========================================================================
Received Import Request.
  Time since last request: 0.000013 seconds.
  path: Assets/TextMesh Pro/Examples & Extras/Fonts
  importAddress: Guid(b63e0053080646b9819789bf3bf9fa17) Importer(2089858483,b0f066a214c2f5e87bad3c948f4d605d)
Start importing Assets/TextMesh Pro/Examples & Extras/Fonts using Guid(b63e0053080646b9819789bf3bf9fa17) Importer(2089858483,b0f066a214c2f5e87bad3c948f4d605d) (ScriptedImporter) -> (Import Result ID: '5a5bda9ddb187520e998bce1170f09ff') in 0.0106446 seconds [static and dynamic dependencies]. Details - ImportResultOutputID=e364968a98fe4f4655a22c3a5aedf10c DependenciesID=5906cbdac464295905384f4b968760d4 StaticDependenciesID=0cfc3b9f4b75ae5fbbf3bfe13535b589 
Number of updated asset objects reloaded before import = 0Number of asset objects unloaded after import = 1

========================================================================
Received Import Request.
  Time since last request: 0.000013 seconds.
  path: Assets/TextMesh Pro/Resources/Fonts & Materials
  importAddress: Guid(731f1baa9d144a9897cb1d341c2092b8) Importer(2089858483,b0f066a214c2f5e87bad3c948f4d605d)
Start importing Assets/TextMesh Pro/Resources/Fonts & Materials using Guid(731f1baa9d144a9897cb1d341c2092b8) Importer(2089858483,b0f066a214c2f5e87bad3c948f4d605d) (ScriptedImporter) -> (Import Result ID: 'a12e43cb94f320351827a9316c7f4269') in 0.0136529 seconds [static and dynamic dependencies]. Details - ImportResultOutputID=43ff8c60a7aba9ed801c42a39c1e388d DependenciesID=a0321bf1b88ec85cba800f2b94bab52e StaticDependenciesID=8aa1e3d56a7a98efaaad8ae212684b92 
Number of updated asset objects reloaded before import = 0Number of asset objects unloaded after import = 1

========================================================================
Received Import Request.
  Time since last request: 0.000016 seconds.
  path: Assets/TextMesh Pro/Resources/Style Sheets
  importAddress: Guid(4aecb92fff08436c8303b10eab8da368) Importer(2089858483,b0f066a214c2f5e87bad3c948f4d605d)
Start importing Assets/TextMesh Pro/Resources/Style Sheets using Guid(4aecb92fff08436c8303b10eab8da368) Importer(2089858483,b0f066a214c2f5e87bad3c948f4d605d) (ScriptedImporter) -> (Import Result ID: '74988ce5a68529898edae76bc40f9d79') in 0.0147509 seconds [static and dynamic dependencies]. Details - ImportResultOutputID=5063b3b61b88d3b886a746d54cd2380e DependenciesID=c4139db188f1135c42bf1899f422bd8f StaticDependenciesID=2dbaeaf09333d8b388deb1801888d23a 
Number of updated asset objects reloaded before import = 0Number of asset objects unloaded after import = 1

========================================================================
Received Import Request.
  Time since last request: 0.000016 seconds.
  path: Assets/TextMesh Pro/Examples & Extras/Sprites
  importAddress: Guid(701e577af2ba48b689972d42efb95456) Importer(2089858483,b0f066a214c2f5e87bad3c948f4d605d)
Start importing Assets/TextMesh Pro/Examples & Extras/Sprites using Guid(701e577af2ba48b689972d42efb95456) Importer(2089858483,b0f066a214c2f5e87bad3c948f4d605d) (ScriptedImporter) -> (Import Result ID: '30067e3b68890398d42aba9ecb29f38c') in 0.0139591 seconds [static and dynamic dependencies]. Details - ImportResultOutputID=7642add7a127b6d122bf03b63d18fc2c DependenciesID=356ff71e2f5fa2f9e2a0d0e7240dc1d8 StaticDependenciesID=487f8000beaf11252fc38637e7925b10 
Number of updated asset objects reloaded before import = 0Number of asset objects unloaded after import = 1

========================================================================
Received Import Request.
  Time since last request: 0.000022 seconds.
  path: Assets/Materials
  importAddress: Guid(136ac34e3358c8546a312d266dd3178d) Importer(2089858483,b0f066a214c2f5e87bad3c948f4d605d)
Start importing Assets/Materials using Guid(136ac34e3358c8546a312d266dd3178d) Importer(2089858483,b0f066a214c2f5e87bad3c948f4d605d) (ScriptedImporter) -> (Import Result ID: '4f2850b2f83f18d46a20edc61a66c680') in 0.0140948 seconds [static and dynamic dependencies]. Details - ImportResultOutputID=3d353413e06433a2401c041bd2bda7ea DependenciesID=b41960775756f5d1f7dfd672bb66d800 StaticDependenciesID=0bdf386bd748433227b0507598ccc46d 
Number of updated asset objects reloaded before import = 0Number of asset objects unloaded after import = 1

========================================================================
Received Import Request.
  Time since last request: 0.000018 seconds.
  path: Assets/TextMesh Pro/Examples & Extras/Prefabs
  importAddress: Guid(5bff2544887143f5807c7d5059d07f79) Importer(2089858483,b0f066a214c2f5e87bad3c948f4d605d)
Start importing Assets/TextMesh Pro/Examples & Extras/Prefabs using Guid(5bff2544887143f5807c7d5059d07f79) Importer(2089858483,b0f066a214c2f5e87bad3c948f4d605d) (ScriptedImporter) -> (Import Result ID: '2bf64b0fd650be27ed3611e68bcc1613') in 0.0139088 seconds [static and dynamic dependencies]. Details - ImportResultOutputID=adc4ff3ac399daff92da6e47c205e825 DependenciesID=8bca759229ce19550fed1470070e4f3b StaticDependenciesID=5c63977b37a71d6c98041549a49d7242 
Number of updated asset objects reloaded before import = 0Number of asset objects unloaded after import = 1

========================================================================
Received Import Request.
  Time since last request: 0.000019 seconds.
  path: Assets/TextMesh Pro/Examples & Extras/Scenes/28 - HDRP Shader Example
  importAddress: Guid(a7eaeb4188c60454faf0a41c253b505c) Importer(2089858483,b0f066a214c2f5e87bad3c948f4d605d)
Start importing Assets/TextMesh Pro/Examples & Extras/Scenes/28 - HDRP Shader Example using Guid(a7eaeb4188c60454faf0a41c253b505c) Importer(2089858483,b0f066a214c2f5e87bad3c948f4d605d) (ScriptedImporter) -> (Import Result ID: 'cad676705681309ab5ab776409fd3ad4') in 0.0126248 seconds [static and dynamic dependencies]. Details - ImportResultOutputID=c0136e5f407c3cf669110690db97cf59 DependenciesID=4e57aa78f2e0c52b0f246d2357fd3cf9 StaticDependenciesID=bd44d7b3dc611c68c05a7c81f6ad0857 
Number of updated asset objects reloaded before import = 0Number of asset objects unloaded after import = 1

========================================================================
Received Import Request.
  Time since last request: 0.000013 seconds.
  path: Assets/TextMesh Pro/Examples & Extras/Textures
  importAddress: Guid(6e5c6d5e25574122a7a12dbdbbeed156) Importer(2089858483,b0f066a214c2f5e87bad3c948f4d605d)
Start importing Assets/TextMesh Pro/Examples & Extras/Textures using Guid(6e5c6d5e25574122a7a12dbdbbeed156) Importer(2089858483,b0f066a214c2f5e87bad3c948f4d605d) (ScriptedImporter) -> (Import Result ID: '54b1088a38df17f446fa74c3e72a5e2e') in 0.0150989 seconds [static and dynamic dependencies]. Details - ImportResultOutputID=f1440aabf3508609175dd3c3a1535be7 DependenciesID=e168edec8b908a33b5d7eb2a6789834b StaticDependenciesID=0b21ccae19eb462989e363f9d17bbe37 
Number of updated asset objects reloaded before import = 0Number of asset objects unloaded after import = 1

========================================================================
Received Import Request.
  Time since last request: 0.000020 seconds.
  path: Assets/InputSystem_Actions.inputactions
  importAddress: Guid(052faaac586de48259a63d0c4782560b) Importer(815301076,1909f56bfc062723c751e8b465ee728b)
Start importing Assets/InputSystem_Actions.inputactions using Guid(052faaac586de48259a63d0c4782560b) Importer(815301076,1909f56bfc062723c751e8b465ee728b) (PreviewImporter) -> (Import Result ID: 'a164d47b8c278da632b88d95a6aec860') in 0.0233242 seconds [static and dynamic dependencies]. Details - ImportResultOutputID=4424046b1176df39b9eef5f0e46dfe4e DependenciesID=7f10f72c66957fd6c8613c40be6944f6 StaticDependenciesID=8d1a102e7f365719c15b18325dd1d2b1 
Number of updated asset objects reloaded before import = 0Number of asset objects unloaded after import = 20

========================================================================
Received Import Request.
  Time since last request: 0.000023 seconds.
  path: Assets/Readme.asset
  importAddress: Guid(8105016687592461f977c054a80ce2f2) Importer(815301076,1909f56bfc062723c751e8b465ee728b)
Start importing Assets/Readme.asset using Guid(8105016687592461f977c054a80ce2f2) Importer(815301076,1909f56bfc062723c751e8b465ee728b) (PreviewImporter) -> (Import Result ID: '8f35344b8ffee1c9c97b8244754a980a') in 0.0034982 seconds [static and dynamic dependencies]. Details - ImportResultOutputID=f239c3b2c5f5524d591ac6c531473032 DependenciesID=d82bb6c7e3604c6aead65e649addaa72 StaticDependenciesID=0c7a104953a90fbb8020448b0a5f929f 
Number of updated asset objects reloaded before import = 0Number of asset objects unloaded after import = 2

========================================================================
Received Import Request.
  Time since last request: 0.000013 seconds.
  path: Assets/TutorialInfo
  importAddress: Guid(ba062aa6c92b140379dbc06b43dd3b9b) Importer(2089858483,b0f066a214c2f5e87bad3c948f4d605d)
Start importing Assets/TutorialInfo using Guid(ba062aa6c92b140379dbc06b43dd3b9b) Importer(2089858483,b0f066a214c2f5e87bad3c948f4d605d) (ScriptedImporter) -> (Import Result ID: 'ce975c42e61d75ee65aaea3904147601') in 0.0130967 seconds [static and dynamic dependencies]. Details - ImportResultOutputID=c63b8c0e092872b5327b6e0a14af06b3 DependenciesID=aeaf80f885625190844ea20b18de205f StaticDependenciesID=2b1d59f7424ec1d7c466d6c56b1aab80 
Number of updated asset objects reloaded before import = 0Number of asset objects unloaded after import = 1

========================================================================
Received Import Request.
  Time since last request: 0.000013 seconds.
  path: Assets/_Recovery/0 (4).unity
  importAddress: Guid(771395395a5f97f478ea8003e7ef7a18) Importer(2089858483,b0f066a214c2f5e87bad3c948f4d605d)
Start importing Assets/_Recovery/0 (4).unity using Guid(771395395a5f97f478ea8003e7ef7a18) Importer(2089858483,b0f066a214c2f5e87bad3c948f4d605d) (ScriptedImporter) -> (Import Result ID: 'fab8ce47d90f0f21e44b9a86974b3053') in 0.0227517 seconds [static and dynamic dependencies]. Details - ImportResultOutputID=92a7e76be3fa6d607453ebaccf53ebfb DependenciesID=ad52271782caa78e02f497a2a05f5686 StaticDependenciesID=a1e9f402b0963d4ef1edd80111d014b9 
Number of updated asset objects reloaded before import = 0Number of asset objects unloaded after import = 1

========================================================================
Received Import Request.
  Time since last request: 96.844473 seconds.
  path: Assets/battery.glb
  importAddress: Guid(e144633135740044993e0ae40be3c283) Importer(2089858483,b0f066a214c2f5e87bad3c948f4d605d)
Start importing Assets/battery.glb using Guid(e144633135740044993e0ae40be3c283) Importer(2089858483,b0f066a214c2f5e87bad3c948f4d605d) (ScriptedImporter) -> (Import Result ID: '8af7d0d9b5d8f9d0d40caa5e92bae2c8') in 0.0132629 seconds [static and dynamic dependencies]. Details - ImportResultOutputID=e10765ebc3de7ea12500c8260a3b66ee DependenciesID=6e7ef89dd57cc64f7d32c493312077ea StaticDependenciesID=ae5b6f777b6a5be7d10af33e608ab2f3 
Number of updated asset objects reloaded before import = 0Number of asset objects unloaded after import = 1

========================================================================
Received Import Request.
  Time since last request: 35.249115 seconds.
  path: Assets/MiniGames/CubeGame/Scenes
  importAddress: Guid(54cbcbc167841ce47b291b264be37f1e) Importer(815301076,1909f56bfc062723c751e8b465ee728b)
Start importing Assets/MiniGames/CubeGame/Scenes using Guid(54cbcbc167841ce47b291b264be37f1e) Importer(815301076,1909f56bfc062723c751e8b465ee728b) (PreviewImporter) -> (Import Result ID: 'eaae25d799789591e36324e9dd7e0f2a') in 0.0005668 seconds [static and dynamic dependencies]. Details - ImportResultOutputID=b985a24db49d850a91dd4e1cf24bb3f3 DependenciesID=83cd3eebeadc2c7af4fa2b688b62831a StaticDependenciesID=1310f8673f68dee139ce428dd1a9336b 
Number of updated asset objects reloaded before import = 0Number of asset objects unloaded after import = 0

========================================================================
Received Import Request.
  Time since last request: 12.138442 seconds.
  path: Assets/MiniGames/CubeGame/Prefabs/Cube_Bad.prefab
  importAddress: Guid(492c053df43df45449ba664e6ba795a9) Importer(815301076,1909f56bfc062723c751e8b465ee728b)
Start importing Assets/MiniGames/CubeGame/Prefabs/Cube_Bad.prefab using Guid(492c053df43df45449ba664e6ba795a9) Importer(815301076,1909f56bfc062723c751e8b465ee728b) (PreviewImporter) -> (Import Result ID: '73bcc9d1a87be3845cb9f2c09778bb0f') in 2.2799176 seconds [static and dynamic dependencies]. Details - ImportResultOutputID=5f42f66bbb8e72f23dc16066a8910303 DependenciesID=f239cb93887b6b8740c3aac20119e20a StaticDependenciesID=3ed8cc18b6e4cef6503d3f97d1886bc5 
Number of updated asset objects reloaded before import = 0Number of asset objects unloaded after import = 9

========================================================================
Received Import Request.
  Time since last request: 3.663128 seconds.
  path: Assets/MiniGames/CubeGame/Models/Good/gear.glb
  importAddress: Guid(f8754e8917ba7da4bb97a3b4e9c7b35d) Importer(815301076,1909f56bfc062723c751e8b465ee728b)
Start importing Assets/MiniGames/CubeGame/Models/Good/gear.glb using Guid(f8754e8917ba7da4bb97a3b4e9c7b35d) Importer(815301076,1909f56bfc062723c751e8b465ee728b) (PreviewImporter) -> (Import Result ID: '6af5199ac1612f8bdb8146e1903b719c') in 0.0009278 seconds [static and dynamic dependencies]. Details - ImportResultOutputID=0a9f9aea7e33e0ed94356dd025261ae5 DependenciesID=02027edad665efd5ab3155772535b14c StaticDependenciesID=b0239a624ddb855372184707da9181af 
Number of updated asset objects reloaded before import = 0Number of asset objects unloaded after import = 1

========================================================================
Received Import Request.
  Time since last request: 37.637100 seconds.
  path: Assets/MiniGames/CubeGame/Models/Good/battery.glb
  importAddress: Guid(e144633135740044993e0ae40be3c283) Importer(2089858483,b0f066a214c2f5e87bad3c948f4d605d)
Start importing Assets/MiniGames/CubeGame/Models/Good/battery.glb using Guid(e144633135740044993e0ae40be3c283) Importer(2089858483,b0f066a214c2f5e87bad3c948f4d605d) (ScriptedImporter) -> (Import Result ID: 'c6d8695b679d69fda6cdd732168cda5a') in 0.0167994 seconds [static and dynamic dependencies]. Details - ImportResultOutputID=f0e66ee4e8dcb4585013d2636c25cddf DependenciesID=fd3a2e1bd4bfd128928c7b76c71d8481 StaticDependenciesID=ae5b6f777b6a5be7d10af33e608ab2f3 
Number of updated asset objects reloaded before import = 0Number of asset objects unloaded after import = 1

========================================================================
Received Import Request.
  Time since last request: 14.255556 seconds.
  path: Assets/Models/Bad
  importAddress: Guid(c9c04c47461b2d245bef4f2e8f3c64c5) Importer(2089858483,b0f066a214c2f5e87bad3c948f4d605d)
Start importing Assets/Models/Bad using Guid(c9c04c47461b2d245bef4f2e8f3c64c5) Importer(2089858483,b0f066a214c2f5e87bad3c948f4d605d) (ScriptedImporter) -> (Import Result ID: '272fa71ac6631e10b6f4edadb0bdd899') in 0.0103069 seconds [static and dynamic dependencies]. Details - ImportResultOutputID=4fb45f17abf8dfadae8bd29fd65beea5 DependenciesID=2740a6daa6313633350d9800ee5644ae StaticDependenciesID=9b81cf25d6dc7ba8a0e28d3ab33d2176 
Number of updated asset objects reloaded before import = 0Number of asset objects unloaded after import = 1

========================================================================
Received Import Request.
  Time since last request: 0.000032 seconds.
  path: Assets/Models/Good/gear.glb
  importAddress: Guid(f8754e8917ba7da4bb97a3b4e9c7b35d) Importer(2089858483,b0f066a214c2f5e87bad3c948f4d605d)
Start importing Assets/Models/Good/gear.glb using Guid(f8754e8917ba7da4bb97a3b4e9c7b35d) Importer(2089858483,b0f066a214c2f5e87bad3c948f4d605d) (ScriptedImporter) -> (Import Result ID: 'fb9f9193f64683e14f69af28d117bbe0') in 0.0176937 seconds [static and dynamic dependencies]. Details - ImportResultOutputID=6ffe670cbb1954eab6e27e3aaab0dacf DependenciesID=b2f2e0b94448af52f9164caf9794fcd0 StaticDependenciesID=0030e672ba396febfaca55772ba48276 
Number of updated asset objects reloaded before import = 0Number of asset objects unloaded after import = 1

========================================================================
Received Import Request.
  Time since last request: 1.823761 seconds.
  path: Assets/Models/Good
  importAddress: Guid(8dae8fce9f77f3a42bf08a051b71af3b) Importer(815301076,1909f56bfc062723c751e8b465ee728b)
Start importing Assets/Models/Good using Guid(8dae8fce9f77f3a42bf08a051b71af3b) Importer(815301076,1909f56bfc062723c751e8b465ee728b) (PreviewImporter) -> (Import Result ID: 'c30c9401d8717b184ff59fd2763d5079') in 0.0005167 seconds [static and dynamic dependencies]. Details - ImportResultOutputID=25cfa74a6c5830ca74e1b828bc8804b8 DependenciesID=e135041494097959c35fc0223565cd18 StaticDependenciesID=00931abb8d0eb501d73b391f690b7006 
Number of updated asset objects reloaded before import = 0Number of asset objects unloaded after import = 0

========================================================================
Received Import Request.
  Time since last request: 1.625579 seconds.
  path: Assets/Models/Good/battery.glb
  importAddress: Guid(e144633135740044993e0ae40be3c283) Importer(815301076,1909f56bfc062723c751e8b465ee728b)
Start importing Assets/Models/Good/battery.glb using Guid(e144633135740044993e0ae40be3c283) Importer(815301076,1909f56bfc062723c751e8b465ee728b) (PreviewImporter) -> (Import Result ID: '6e80be0f85d557032ff7b7896341de14') in 0.0018161 seconds [static and dynamic dependencies]. Details - ImportResultOutputID=223f6186939f9446cd4f8e5097bcee38 DependenciesID=f545422fb4191816188790ee523982ef StaticDependenciesID=6a895e04930bc138cc0079edf7174a25 
Number of updated asset objects reloaded before import = 0Number of asset objects unloaded after import = 1

========================================================================
Received Import Request.
  Time since last request: 108.078383 seconds.
  path: Assets/Models/Good/rusted_electronics_parts_found_at_an_old_bunker.glb
  importAddress: Guid(658e64ce2fe23e04c98f2404021c3198) Importer(2089858483,b0f066a214c2f5e87bad3c948f4d605d)
Start importing Assets/Models/Good/rusted_electronics_parts_found_at_an_old_bunker.glb using Guid(658e64ce2fe23e04c98f2404021c3198) Importer(2089858483,b0f066a214c2f5e87bad3c948f4d605d) (ScriptedImporter) -> (Import Result ID: 'a07ae23003ed98213698ed8e9c78517b') in 0.0173363 seconds [static and dynamic dependencies]. Details - ImportResultOutputID=3b2e8b7b6121bc2a9305243950ab3912 DependenciesID=b62e99e4483da4c4c00003de0571a48b StaticDependenciesID=b47ad8c846f68f2d1d61b3a8486de6c0 
Number of updated asset objects reloaded before import = 0Number of asset objects unloaded after import = 1

========================================================================
Received Import Request.
  Time since last request: 229.432853 seconds.
  path: Assets/Models/Good/rusted_electronics_parts_found_at_an_old_bunker.glb
  importAddress: Guid(658e64ce2fe23e04c98f2404021c3198) Importer(815301076,1909f56bfc062723c751e8b465ee728b)
Start importing Assets/Models/Good/rusted_electronics_parts_found_at_an_old_bunker.glb using Guid(658e64ce2fe23e04c98f2404021c3198) Importer(815301076,1909f56bfc062723c751e8b465ee728b) (PreviewImporter) -> (Import Result ID: '08330c0fa2cee22b3ce56454785438f9') in 0.0016402 seconds [static and dynamic dependencies]. Details - ImportResultOutputID=a3f64d8e18dc84d2f3b035b419e2c4d6 DependenciesID=9dc72c590a43663ee95dfeba8c4b9746 StaticDependenciesID=07372842bde3dfd4fe994cadf1b7f12f 
Number of updated asset objects reloaded before import = 0Number of asset objects unloaded after import = 1

========================================================================
Received Prepare
Begin MonoManager ReloadAssembly
[Licensing::Client] Successfully resolved entitlement details
Assembly Assembly-CSharp-Editor-firstpass.dll at Library/ScriptAssemblies/Assembly-CSharp-Editor-firstpass.dll not valid. Loading of assembly skipped.
Assembly Assembly-CSharp-firstpass.dll at Library/ScriptAssemblies/Assembly-CSharp-firstpass.dll not valid. Loading of assembly skipped.
Assembly DocCodeExamples.dll at Library/ScriptAssemblies/DocCodeExamples.dll not valid. Loading of assembly skipped.
Assembly TestNewCustomAssembly.dll at Library/ScriptAssemblies/TestNewCustomAssembly.dll not valid. Loading of assembly skipped.
Assembly Unity.Collections.BurstCompatibilityGen.dll at Library/ScriptAssemblies/Unity.Collections.BurstCompatibilityGen.dll not valid. Loading of assembly skipped.
Assembly Unity.Collections.DocCodeSamples.dll at Library/ScriptAssemblies/Unity.Collections.DocCodeSamples.dll not valid. Loading of assembly skipped.
Assembly Unity.Collections.PerformanceTests.dll at Library/ScriptAssemblies/Unity.Collections.PerformanceTests.dll not valid. Loading of assembly skipped.
Assembly Unity.Collections.Tests.dll at Library/ScriptAssemblies/Unity.Collections.Tests.dll not valid. Loading of assembly skipped.
Assembly Unity.Collections.Tests.Playmode.dll at Library/ScriptAssemblies/Unity.Collections.Tests.Playmode.dll not valid. Loading of assembly skipped.
Assembly Unity.InputSystem.IntegrationTests.dll at Library/ScriptAssemblies/Unity.InputSystem.IntegrationTests.dll not valid. Loading of assembly skipped.
Assembly Unity.Mathematics.Tests.dll at Library/ScriptAssemblies/Unity.Mathematics.Tests.dll not valid. Loading of assembly skipped.
Assembly Unity.Multiplayer.Center.Editor.Tests.dll at Library/ScriptAssemblies/Unity.Multiplayer.Center.Editor.Tests.dll not valid. Loading of assembly skipped.
Assembly Unity.Multiplayer.Center.Tests.dll at Library/ScriptAssemblies/Unity.Multiplayer.Center.Tests.dll not valid. Loading of assembly skipped.
Assembly Unity.Nuget.Mono-Cecil.dll at Library/ScriptAssemblies/Unity.Nuget.Mono-Cecil.dll not valid. Loading of assembly skipped.
Assembly Unity.PathTracing.Editor.Tests.dll at Library/ScriptAssemblies/Unity.PathTracing.Editor.Tests.dll not valid. Loading of assembly skipped.
Assembly Unity.PathTracing.Runtime.Tests.dll at Library/ScriptAssemblies/Unity.PathTracing.Runtime.Tests.dll not valid. Loading of assembly skipped.
Assembly Unity.RenderPipelines.Core.Editor.Tests.dll at Library/ScriptAssemblies/Unity.RenderPipelines.Core.Editor.Tests.dll not valid. Loading of assembly skipped.
Assembly Unity.RenderPipelines.Core.Runtime.Tests.dll at Library/ScriptAssemblies/Unity.RenderPipelines.Core.Runtime.Tests.dll not valid. Loading of assembly skipped.
Assembly Unity.RenderPipelines.Universal.Config.Editor.Tests.dll at Library/ScriptAssemblies/Unity.RenderPipelines.Universal.Config.Editor.Tests.dll not valid. Loading of assembly skipped.
Assembly Unity.RenderPipelines.Universal.Editor.Tests.dll at Library/ScriptAssemblies/Unity.RenderPipelines.Universal.Editor.Tests.dll not valid. Loading of assembly skipped.
Assembly Unity.RenderPipelines.Universal.Runtime.Tests.dll at Library/ScriptAssemblies/Unity.RenderPipelines.Universal.Runtime.Tests.dll not valid. Loading of assembly skipped.
Assembly Unity.Searcher.EditorTests.dll at Library/ScriptAssemblies/Unity.Searcher.EditorTests.dll not valid. Loading of assembly skipped.
Assembly Unity.ShaderGraph.Editor.Tests.dll at Library/ScriptAssemblies/Unity.ShaderGraph.Editor.Tests.dll not valid. Loading of assembly skipped.
Assembly Unity.TextMeshPro.Editor.Tests.dll at Library/ScriptAssemblies/Unity.TextMeshPro.Editor.Tests.dll not valid. Loading of assembly skipped.
Assembly Unity.TextMeshPro.Tests.dll at Library/ScriptAssemblies/Unity.TextMeshPro.Tests.dll not valid. Loading of assembly skipped.
Assembly Unity.UnifiedRayTracing.Editor.Tests.dll at Library/ScriptAssemblies/Unity.UnifiedRayTracing.Editor.Tests.dll not valid. Loading of assembly skipped.
Assembly UnityEditor.UI.Common.Tests.dll at Library/ScriptAssemblies/UnityEditor.UI.Common.Tests.dll not valid. Loading of assembly skipped.
Assembly UnityEditor.UI.EditorTests.dll at Library/ScriptAssemblies/UnityEditor.UI.EditorTests.dll not valid. Loading of assembly skipped.
Assembly UnityEngine.UI.Tests.dll at Library/ScriptAssemblies/UnityEngine.UI.Tests.dll not valid. Loading of assembly skipped.
Native extension for WindowsStandalone target not found
Native extension for WebGL target not found
[Package Manager] Failed to launch server process. Reason: Unity was launched with the -noUpm command-line argument
[Package Manager] Unable to send message (not connected to server process).
[Package Manager] Cannot connect to Unity Package Manager local server
[Package Manager] Failed to launch server process. Reason: Unity was launched with the -noUpm command-line argument
[Package Manager] Unable to send message (not connected to server process).
[Package Manager] Cannot connect to Unity Package Manager local server
ScheduleIndexationOnStartup MainProcess:False IndexOnStartup:True
Mono: successfully reloaded assembly
- Finished resetting the current domain, in  0.605 seconds
Domain Reload Profiling: 1266ms
	BeginReloadAssembly (188ms)
		DisableScriptedObjects (17ms)
		CreateAndSetChildDomain (48ms)
	RebuildCommonClasses (28ms)
	RebuildNativeTypeToScriptingClass (10ms)
	initialDomainReloadingComplete (47ms)
	LoadAllAssembliesAndSetupDomain (387ms)
		LoadAssemblies (307ms)
		AnalyzeDomain (151ms)
			TypeCache.Refresh (9ms)
			BuildScriptInfoCaches (132ms)
			ResolveRequiredComponents (9ms)
	FinalizeReload (605ms)
		SetupLoadedEditorAssemblies (0ms)
			BeforeProcessingInitializeOnLoad (121ms)
			ProcessInitializeOnLoadAttributes (254ms)
			ProcessInitializeOnLoadMethodAttributes (63ms)
			AfterProcessingInitializeOnLoad (7ms)
		AwakeInstancesAfterBackupRestoration (17ms)
Refreshing native plugins compatible for Editor in 2.02 ms, found 4 plugins.
Unloading 24 Unused Serialized files (Serialized files now loaded: 0)
Unloading 6575 unused Assets / (5.1 MB). Loaded Objects now: 7449.
Memory consumption went from 188.3 MB to 183.1 MB.
Total: 7.645600 ms (FindLiveObjects: 0.401000 ms CreateObjectMapping: 0.290100 ms MarkObjects: 5.560400 ms  DeleteObjects: 1.392900 ms)

Prepare: number of updated asset objects reloaded= 0
